{"D:\\02 Projects\\ToDo App\\backend\\config\\db.config.js": {"path":"D:\\02 Projects\\ToDo App\\backend\\config\\db.config.js","statementMap":{"0":{"start":{"line":1,"column":0},"end":{"line":15,"column":2}}},"fnMap":{},"branchMap":{"0":{"loc":{"start":{"line":2,"column":8},"end":{"line":2,"column":38}},"type":"binary-expr","locations":[{"start":{"line":2,"column":8},"end":{"line":2,"column":27}},{"start":{"line":2,"column":31},"end":{"line":2,"column":38}}],"line":2},"1":{"loc":{"start":{"line":3,"column":8},"end":{"line":3,"column":37}},"type":"binary-expr","locations":[{"start":{"line":3,"column":8},"end":{"line":3,"column":27}},{"start":{"line":3,"column":31},"end":{"line":3,"column":37}}],"line":3},"2":{"loc":{"start":{"line":4,"column":12},"end":{"line":4,"column":45}},"type":"binary-expr","locations":[{"start":{"line":4,"column":12},"end":{"line":4,"column":35}},{"start":{"line":4,"column":39},"end":{"line":4,"column":45}}],"line":4},"3":{"loc":{"start":{"line":5,"column":6},"end":{"line":5,"column":38}},"type":"binary-expr","locations":[{"start":{"line":5,"column":6},"end":{"line":5,"column":25}},{"start":{"line":5,"column":29},"end":{"line":5,"column":38}}],"line":5},"4":{"loc":{"start":{"line":6,"column":8},"end":{"line":6,"column":35}},"type":"binary-expr","locations":[{"start":{"line":6,"column":8},"end":{"line":6,"column":27}},{"start":{"line":6,"column":31},"end":{"line":6,"column":35}}],"line":6}},"s":{"0":1},"f":{},"b":{"0":[1,1],"1":[1,1],"2":[1,1],"3":[1,1],"4":[1,1]},"_coverageSchema":"1a1c01bbd47fc00a2c39e90264f33305004495a9","hash":"b8219787f9c8c8e730d71a15f37434296345653e"}
,"D:\\02 Projects\\ToDo App\\backend\\controllers\\task.controller.js": {"path":"D:\\02 Projects\\ToDo App\\backend\\controllers\\task.controller.js","statementMap":{"0":{"start":{"line":1,"column":11},"end":{"line":1,"column":31}},"1":{"start":{"line":2,"column":13},"end":{"line":2,"column":20}},"2":{"start":{"line":5,"column":0},"end":{"line":27,"column":2}},"3":{"start":{"line":6,"column":2},"end":{"line":11,"column":3}},"4":{"start":{"line":7,"column":4},"end":{"line":9,"column":7}},"5":{"start":{"line":10,"column":4},"end":{"line":10,"column":11}},"6":{"start":{"line":13,"column":15},"end":{"line":17,"column":3}},"7":{"start":{"line":19,"column":2},"end":{"line":26,"column":3}},"8":{"start":{"line":20,"column":17},"end":{"line":20,"column":40}},"9":{"start":{"line":21,"column":4},"end":{"line":21,"column":31}},"10":{"start":{"line":23,"column":4},"end":{"line":25,"column":7}},"11":{"start":{"line":30,"column":0},"end":{"line":42,"column":2}},"12":{"start":{"line":31,"column":2},"end":{"line":41,"column":3}},"13":{"start":{"line":32,"column":18},"end":{"line":35,"column":6}},"14":{"start":{"line":36,"column":4},"end":{"line":36,"column":32}},"15":{"start":{"line":38,"column":4},"end":{"line":40,"column":7}},"16":{"start":{"line":45,"column":0},"end":{"line":61,"column":2}},"17":{"start":{"line":46,"column":2},"end":{"line":60,"column":3}},"18":{"start":{"line":47,"column":19},"end":{"line":47,"column":29}},"19":{"start":{"line":48,"column":22},"end":{"line":51,"column":5}},"20":{"start":{"line":53,"column":4},"end":{"line":57,"column":5}},"21":{"start":{"line":54,"column":6},"end":{"line":54,"column":75}},"22":{"start":{"line":56,"column":6},"end":{"line":56,"column":65}},"23":{"start":{"line":59,"column":4},"end":{"line":59,"column":66}}},"fnMap":{"0":{"name":"(anonymous_0)","decl":{"start":{"line":5,"column":21},"end":{"line":5,"column":22}},"loc":{"start":{"line":5,"column":41},"end":{"line":27,"column":1}},"line":5},"1":{"name":"(anonymous_1)","decl":{"start":{"line":30,"column":19},"end":{"line":30,"column":20}},"loc":{"start":{"line":30,"column":39},"end":{"line":42,"column":1}},"line":30},"2":{"name":"(anonymous_2)","decl":{"start":{"line":45,"column":23},"end":{"line":45,"column":24}},"loc":{"start":{"line":45,"column":43},"end":{"line":61,"column":1}},"line":45}},"branchMap":{"0":{"loc":{"start":{"line":6,"column":2},"end":{"line":11,"column":3}},"type":"if","locations":[{"start":{"line":6,"column":2},"end":{"line":11,"column":3}},{"start":{},"end":{}}],"line":6},"1":{"loc":{"start":{"line":16,"column":15},"end":{"line":16,"column":62}},"type":"cond-expr","locations":[{"start":{"line":16,"column":36},"end":{"line":16,"column":54}},{"start":{"line":16,"column":57},"end":{"line":16,"column":62}}],"line":16},"2":{"loc":{"start":{"line":24,"column":15},"end":{"line":24,"column":76}},"type":"binary-expr","locations":[{"start":{"line":24,"column":15},"end":{"line":24,"column":26}},{"start":{"line":24,"column":30},"end":{"line":24,"column":76}}],"line":24},"3":{"loc":{"start":{"line":39,"column":15},"end":{"line":39,"column":75}},"type":"binary-expr","locations":[{"start":{"line":39,"column":15},"end":{"line":39,"column":26}},{"start":{"line":39,"column":30},"end":{"line":39,"column":75}}],"line":39},"4":{"loc":{"start":{"line":53,"column":4},"end":{"line":57,"column":5}},"type":"if","locations":[{"start":{"line":53,"column":4},"end":{"line":57,"column":5}},{"start":{"line":55,"column":11},"end":{"line":57,"column":5}}],"line":53}},"s":{"0":1,"1":1,"2":1,"3":1,"4":0,"5":0,"6":1,"7":1,"8":1,"9":1,"10":0,"11":1,"12":1,"13":1,"14":1,"15":0,"16":1,"17":1,"18":1,"19":1,"20":1,"21":1,"22":0,"23":0},"f":{"0":1,"1":1,"2":1},"b":{"0":[0,1],"1":[0,1],"2":[0,0],"3":[0,0],"4":[1,0]},"_coverageSchema":"1a1c01bbd47fc00a2c39e90264f33305004495a9","hash":"0e7f7959d03411613956401b012b6cacad1c8b34"}
,"D:\\02 Projects\\ToDo App\\backend\\models\\index.js": {"path":"D:\\02 Projects\\ToDo App\\backend\\models\\index.js","statementMap":{"0":{"start":{"line":46,"column":33},"end":{"line":46,"column":53}},"1":{"start":{"line":47,"column":17},"end":{"line":47,"column":47}},"2":{"start":{"line":48,"column":11},"end":{"line":48,"column":13}},"3":{"start":{"line":50,"column":18},"end":{"line":54,"column":2}},"4":{"start":{"line":56,"column":0},"end":{"line":56,"column":25}},"5":{"start":{"line":57,"column":0},"end":{"line":57,"column":25}},"6":{"start":{"line":58,"column":0},"end":{"line":58,"column":56}},"7":{"start":{"line":60,"column":0},"end":{"line":60,"column":20}}},"fnMap":{},"branchMap":{},"s":{"0":1,"1":1,"2":1,"3":1,"4":1,"5":1,"6":1,"7":1},"f":{},"b":{},"_coverageSchema":"1a1c01bbd47fc00a2c39e90264f33305004495a9","hash":"d28093da2b5d7bed007c912a29cdde471c29e5a1"}
,"D:\\02 Projects\\ToDo App\\backend\\models\\task.model.js": {"path":"D:\\02 Projects\\ToDo App\\backend\\models\\task.model.js","statementMap":{"0":{"start":{"line":1,"column":0},"end":{"line":17,"column":2}},"1":{"start":{"line":2,"column":15},"end":{"line":15,"column":4}},"2":{"start":{"line":16,"column":2},"end":{"line":16,"column":14}}},"fnMap":{"0":{"name":"(anonymous_0)","decl":{"start":{"line":1,"column":17},"end":{"line":1,"column":18}},"loc":{"start":{"line":1,"column":43},"end":{"line":17,"column":1}},"line":1}},"branchMap":{},"s":{"0":1,"1":1,"2":1},"f":{"0":1},"b":{},"_coverageSchema":"1a1c01bbd47fc00a2c39e90264f33305004495a9","hash":"ea76273bfd0a46a7013cef2635766ec3f1e104ea"}
,"D:\\02 Projects\\ToDo App\\backend\\routes\\task.routes.js": {"path":"D:\\02 Projects\\ToDo App\\backend\\routes\\task.routes.js","statementMap":{"0":{"start":{"line":1,"column":16},"end":{"line":1,"column":34}},"1":{"start":{"line":2,"column":15},"end":{"line":2,"column":31}},"2":{"start":{"line":3,"column":14},"end":{"line":3,"column":55}},"3":{"start":{"line":6,"column":0},"end":{"line":6,"column":35}},"4":{"start":{"line":9,"column":0},"end":{"line":9,"column":32}},"5":{"start":{"line":12,"column":0},"end":{"line":12,"column":39}},"6":{"start":{"line":14,"column":0},"end":{"line":14,"column":24}}},"fnMap":{},"branchMap":{},"s":{"0":1,"1":1,"2":1,"3":1,"4":1,"5":1,"6":1},"f":{},"b":{},"_coverageSchema":"1a1c01bbd47fc00a2c39e90264f33305004495a9","hash":"4aafcb2e50888dd5582275e6e76a827565fc4727"}
}
