TN:
SF:config\db.config.js
FNF:0
FNH:0
DA:1,1
LF:1
LH:1
BRDA:2,0,0,1
BRDA:2,0,1,1
BRDA:3,1,0,1
BRDA:3,1,1,1
BRDA:4,2,0,1
BRDA:4,2,1,1
BRDA:5,3,0,1
BRDA:5,3,1,1
BRDA:6,4,0,1
BRDA:6,4,1,1
BRF:10
BRH:10
end_of_record
TN:
SF:controllers\task.controller.js
FN:5,(anonymous_0)
FN:30,(anonymous_1)
FN:45,(anonymous_2)
FNF:3
FNH:3
FNDA:1,(anonymous_0)
FNDA:1,(anonymous_1)
FNDA:1,(anonymous_2)
DA:1,1
DA:2,1
DA:5,1
DA:6,1
DA:7,0
DA:10,0
DA:13,1
DA:19,1
DA:20,1
DA:21,1
DA:23,0
DA:30,1
DA:31,1
DA:32,1
DA:36,1
DA:38,0
DA:45,1
DA:46,1
DA:47,1
DA:48,1
DA:53,1
DA:54,1
DA:56,0
DA:59,0
LF:24
LH:18
BRDA:6,0,0,0
BRDA:6,0,1,1
BRDA:16,1,0,0
BRDA:16,1,1,1
BRDA:24,2,0,0
BRDA:24,2,1,0
BRDA:39,3,0,0
BRDA:39,3,1,0
BRDA:53,4,0,1
BRDA:53,4,1,0
BRF:10
BRH:3
end_of_record
TN:
SF:models\index.js
FNF:0
FNH:0
DA:46,1
DA:47,1
DA:48,1
DA:50,1
DA:56,1
DA:57,1
DA:58,1
DA:60,1
LF:8
LH:8
BRF:0
BRH:0
end_of_record
TN:
SF:models\task.model.js
FN:1,(anonymous_0)
FNF:1
FNH:1
FNDA:1,(anonymous_0)
DA:1,1
DA:2,1
DA:16,1
LF:3
LH:3
BRF:0
BRH:0
end_of_record
TN:
SF:routes\task.routes.js
FNF:0
FNH:0
DA:1,1
DA:2,1
DA:3,1
DA:6,1
DA:9,1
DA:12,1
DA:14,1
LF:7
LH:7
BRF:0
BRH:0
end_of_record
